<?xml version="1.0" encoding="UTF-8"?>
<!-- Generated by org.testng.reporters.JUnitXMLReporter -->
<testsuite hostname="DESKTOP-06OUV9F" ignored="0" name="Test" tests="3" failures="0" timestamp="01 Sep 2019 07:49:22 GMT" time="21.79" errors="0">
  <testcase name="executeLaunch" time="7.618" classname="com.mt.modules.Launch"/>
  <testcase name="executeLogin" time="13.343" classname="com.mt.modules.Login"/>
  <testcase name="closeBrowser" time="0.779" classname="com.mt.utility.CloseBrowser"/>
</testsuite> <!-- Test -->
