<?xml version="1.0" encoding="UTF-8"?>
<!-- Generated by org.testng.reporters.JUnitXMLReporter -->
<testsuite hostname="DESKTOP-06OUV9F" ignored="0" name="Test" tests="3" failures="0" timestamp="15 Sep 2019 03:04:22 GMT" time="48.362" errors="0">
  <testcase name="executeLaunch" time="39.748" classname="com.mt.modules.Launch"/>
  <testcase name="executeLogin" time="7.465" classname="com.mt.modules.Login"/>
  <testcase name="closeBrowser" time="1.099" classname="com.mt.utility.CloseBrowser"/>
</testsuite> <!-- Test -->
