<?xml version="1.0" encoding="UTF-8"?>
<testng-results skipped="0" failed="0" ignored="0" total="3" passed="3">
  <reporter-output>
  </reporter-output>
  <suite name="Suite" duration-ms="21790" started-at="2019-09-01T07:49:01Z" finished-at="2019-09-01T07:49:22Z">
    <groups>
    </groups>
    <test name="Test" duration-ms="21790" started-at="2019-09-01T07:49:01Z" finished-at="2019-09-01T07:49:22Z">
      <class name="com.mt.modules.Launch">
        <test-method status="PASS" signature="executeLaunch(java.lang.String, java.lang.String, int)[pri:0, instance:com.mt.modules.Launch@18be83e4]" name="executeLaunch" duration-ms="7618" started-at="2019-09-01T07:49:01Z" finished-at="2019-09-01T07:49:08Z">
          <params>
            <param index="0">
              <value>
                <![CDATA[chrome]]>
              </value>
            </param>
            <param index="1">
              <value>
                <![CDATA[http://www.newtours.demoaut.com/mercurywelcome.php]]>
              </value>
            </param>
            <param index="2">
              <value>
                <![CDATA[15]]>
              </value>
            </param>
          </params>
          <reporter-output>
          </reporter-output>
        </test-method> <!-- executeLaunch -->
      </class> <!-- com.mt.modules.Launch -->
      <class name="com.mt.utility.CloseBrowser">
        <test-method status="PASS" signature="closeBrowser()[pri:0, instance:com.mt.utility.CloseBrowser@4b9e13df]" name="closeBrowser" duration-ms="779" started-at="2019-09-01T07:49:22Z" finished-at="2019-09-01T07:49:22Z">
          <reporter-output>
          </reporter-output>
        </test-method> <!-- closeBrowser -->
      </class> <!-- com.mt.utility.CloseBrowser -->
      <class name="com.mt.modules.Login">
        <test-method status="PASS" signature="executeLogin(java.lang.String, java.lang.String)[pri:0, instance:com.mt.modules.Login@cb5822]" name="executeLogin" duration-ms="13343" started-at="2019-09-01T07:49:08Z" finished-at="2019-09-01T07:49:22Z">
          <params>
            <param index="0">
              <value>
                <![CDATA[Suvidyap1]]>
              </value>
            </param>
            <param index="1">
              <value>
                <![CDATA[P@ssword1]]>
              </value>
            </param>
          </params>
          <reporter-output>
          </reporter-output>
        </test-method> <!-- executeLogin -->
      </class> <!-- com.mt.modules.Login -->
    </test> <!-- Test -->
  </suite> <!-- Suite -->
</testng-results>
